2024-07-02 17:43:53.499 - INFO  [           main] o.s.b.StartupInfoLogger        : Starting Service1Application using Java 17.0.10 with PID 32252 (/Users/glfadd/Downloads/source/service-1/target/classes started by glfadd in /Users/glfadd/Downloads/source/service-1)
2024-07-02 17:43:53.503 - INFO  [           main] o.s.b.SpringApplication        : No active profile set, falling back to 1 default profile: "default"
2024-07-02 17:43:53.869 - WARN  [           main] o.m.l.Logger                   : No MyBatis mapper was found in '[com.glf.service1.firstMapper]' package. Please check your configuration.
2024-07-02 17:43:54.032 - INFO  [           main] o.s.b.w.e.t.TomcatWebServer    : Tomcat initialized with port 8080 (http)
2024-07-02 17:43:54.037 - INFO  [           main] o.a.j.l.DirectJDKLog           : Initializing ProtocolHandler ["http-nio-8080"]
2024-07-02 17:43:54.037 - INFO  [           main] o.a.j.l.DirectJDKLog           : Starting service [Tomcat]
2024-07-02 17:43:54.038 - INFO  [           main] o.a.j.l.DirectJDKLog           : Starting Servlet engine: [Apache Tomcat/10.1.25]
2024-07-02 17:43:54.058 - INFO  [           main] o.a.j.l.DirectJDKLog           : Initializing Spring embedded WebApplicationContext
2024-07-02 17:43:54.059 - INFO  [           main] letWebServerApplicationContext : Root WebApplicationContext: initialization completed in 543 ms
2024-07-02 17:43:54.143 - WARN  [           main] o.m.l.Logger                   : Property 'mapperLocations' was specified but matching resources are not found.
2024-07-02 17:43:54.413 - INFO  [           main] .b.a.e.w.EndpointLinksResolver : Exposing 1 endpoint beneath base path '/actuator'
2024-07-02 17:43:54.436 - INFO  [           main] o.a.j.l.DirectJDKLog           : Starting ProtocolHandler ["http-nio-8080"]
2024-07-02 17:43:54.443 - INFO  [           main] o.s.b.w.e.t.TomcatWebServer    : Tomcat started on port 8080 (http) with context path '/'
2024-07-02 17:43:54.453 - INFO  [           main] o.s.b.StartupInfoLogger        : Started Service1Application in 1.084 seconds (process running for 1.529)
2024-07-02 17:43:54.627 - INFO  [)-10.133.88.194] o.a.j.l.DirectJDKLog           : Initializing Spring DispatcherServlet 'dispatcherServlet'
2024-07-02 17:43:54.627 - INFO  [)-10.133.88.194] o.s.w.s.FrameworkServlet       : Initializing Servlet 'dispatcherServlet'
2024-07-02 17:43:54.628 - INFO  [)-10.133.88.194] o.s.w.s.FrameworkServlet       : Completed initialization in 1 ms
2024-07-02 17:43:54.628 - WARN  [)-10.133.88.194] .b.a.h.AbstractHealthIndicator : DataSource health check failed
java.lang.IllegalArgumentException: dataSource or dataSourceClassName or jdbcUrl is required.
	at com.zaxxer.hikari.HikariConfig.validate(HikariConfig.java:1032) ~[HikariCP-5.1.0.jar:?]
	at com.zaxxer.hikari.HikariDataSource.getConnection(HikariDataSource.java:108) ~[HikariCP-5.1.0.jar:?]
	at org.springframework.jdbc.datasource.DataSourceUtils.fetchConnection(DataSourceUtils.java:160) ~[spring-jdbc-6.1.10.jar:6.1.10]
	at org.springframework.jdbc.datasource.DataSourceUtils.doGetConnection(DataSourceUtils.java:118) ~[spring-jdbc-6.1.10.jar:6.1.10]
	at org.springframework.jdbc.datasource.DataSourceUtils.getConnection(DataSourceUtils.java:81) ~[spring-jdbc-6.1.10.jar:6.1.10]
	at org.springframework.jdbc.core.JdbcTemplate.execute(JdbcTemplate.java:342) ~[spring-jdbc-6.1.10.jar:6.1.10]
	at org.springframework.boot.actuate.jdbc.DataSourceHealthIndicator.getProduct(DataSourceHealthIndicator.java:122) ~[spring-boot-actuator-3.3.1.jar:3.3.1]
	at org.springframework.boot.actuate.jdbc.DataSourceHealthIndicator.doDataSourceHealthCheck(DataSourceHealthIndicator.java:105) ~[spring-boot-actuator-3.3.1.jar:3.3.1]
	at org.springframework.boot.actuate.jdbc.DataSourceHealthIndicator.doHealthCheck(DataSourceHealthIndicator.java:100) ~[spring-boot-actuator-3.3.1.jar:3.3.1]
	at org.springframework.boot.actuate.health.AbstractHealthIndicator.health(AbstractHealthIndicator.java:82) ~[spring-boot-actuator-3.3.1.jar:3.3.1]
	at org.springframework.boot.actuate.health.HealthIndicator.getHealth(HealthIndicator.java:37) ~[spring-boot-actuator-3.3.1.jar:3.3.1]
	at org.springframework.boot.actuate.health.HealthEndpoint.getHealth(HealthEndpoint.java:82) ~[spring-boot-actuator-3.3.1.jar:3.3.1]
	at org.springframework.boot.actuate.health.HealthEndpoint.getHealth(HealthEndpoint.java:41) ~[spring-boot-actuator-3.3.1.jar:3.3.1]
	at org.springframework.boot.actuate.health.HealthEndpointSupport.getLoggedHealth(HealthEndpointSupport.java:172) ~[spring-boot-actuator-3.3.1.jar:3.3.1]
	at org.springframework.boot.actuate.health.HealthEndpointSupport.getContribution(HealthEndpointSupport.java:145) ~[spring-boot-actuator-3.3.1.jar:3.3.1]
	at org.springframework.boot.actuate.health.HealthEndpointSupport.getAggregateContribution(HealthEndpointSupport.java:156) ~[spring-boot-actuator-3.3.1.jar:3.3.1]
	at org.springframework.boot.actuate.health.HealthEndpointSupport.getContribution(HealthEndpointSupport.java:141) ~[spring-boot-actuator-3.3.1.jar:3.3.1]
	at org.springframework.boot.actuate.health.HealthEndpointSupport.getHealth(HealthEndpointSupport.java:110) ~[spring-boot-actuator-3.3.1.jar:3.3.1]
	at org.springframework.boot.actuate.health.HealthEndpointSupport.getHealth(HealthEndpointSupport.java:81) ~[spring-boot-actuator-3.3.1.jar:3.3.1]
	at org.springframework.boot.actuate.health.HealthEndpoint.health(HealthEndpoint.java:76) ~[spring-boot-actuator-3.3.1.jar:3.3.1]
	at org.springframework.boot.actuate.health.HealthEndpoint.health(HealthEndpoint.java:66) ~[spring-boot-actuator-3.3.1.jar:3.3.1]
	at java.base/jdk.internal.reflect.NativeMethodAccessorImpl.invoke0(Native Method) ~[?:?]
	at java.base/jdk.internal.reflect.NativeMethodAccessorImpl.invoke(NativeMethodAccessorImpl.java:77) ~[?:?]
	at java.base/jdk.internal.reflect.DelegatingMethodAccessorImpl.invoke(DelegatingMethodAccessorImpl.java:43) ~[?:?]
	at java.base/java.lang.reflect.Method.invoke(Method.java:568) ~[?:?]
	at org.springframework.util.ReflectionUtils.invokeMethod(ReflectionUtils.java:281) ~[spring-core-6.1.10.jar:6.1.10]
	at org.springframework.boot.actuate.endpoint.invoke.reflect.ReflectiveOperationInvoker.invoke(ReflectiveOperationInvoker.java:74) ~[spring-boot-actuator-3.3.1.jar:3.3.1]
	at org.springframework.boot.actuate.endpoint.annotation.AbstractDiscoveredOperation.invoke(AbstractDiscoveredOperation.java:60) ~[spring-boot-actuator-3.3.1.jar:3.3.1]
	at org.springframework.boot.actuate.endpoint.jmx.EndpointMBean.invoke(EndpointMBean.java:124) ~[spring-boot-actuator-3.3.1.jar:3.3.1]
	at org.springframework.boot.actuate.endpoint.jmx.EndpointMBean.invoke(EndpointMBean.java:97) ~[spring-boot-actuator-3.3.1.jar:3.3.1]
	at java.management/com.sun.jmx.interceptor.DefaultMBeanServerInterceptor.invoke(DefaultMBeanServerInterceptor.java:814) ~[?:?]
	at java.management/com.sun.jmx.mbeanserver.JmxMBeanServer.invoke(JmxMBeanServer.java:802) ~[?:?]
	at java.management.rmi/javax.management.remote.rmi.RMIConnectionImpl.doOperation(RMIConnectionImpl.java:1472) ~[?:?]
	at java.management.rmi/javax.management.remote.rmi.RMIConnectionImpl$PrivilegedOperation.run(RMIConnectionImpl.java:1310) ~[?:?]
	at java.management.rmi/javax.management.remote.rmi.RMIConnectionImpl.doPrivilegedOperation(RMIConnectionImpl.java:1405) ~[?:?]
	at java.management.rmi/javax.management.remote.rmi.RMIConnectionImpl.invoke(RMIConnectionImpl.java:829) ~[?:?]
	at java.base/jdk.internal.reflect.GeneratedMethodAccessor14.invoke(Unknown Source) ~[?:?]
	at java.base/jdk.internal.reflect.DelegatingMethodAccessorImpl.invoke(DelegatingMethodAccessorImpl.java:43) ~[?:?]
	at java.base/java.lang.reflect.Method.invoke(Method.java:568) ~[?:?]
	at java.rmi/sun.rmi.server.UnicastServerRef.dispatch(UnicastServerRef.java:360) ~[?:?]
	at java.rmi/sun.rmi.transport.Transport$1.run(Transport.java:200) ~[?:?]
	at java.rmi/sun.rmi.transport.Transport$1.run(Transport.java:197) ~[?:?]
	at java.base/java.security.AccessController.doPrivileged(AccessController.java:712) [?:?]
	at java.rmi/sun.rmi.transport.Transport.serviceCall(Transport.java:196) ~[?:?]
	at java.rmi/sun.rmi.transport.tcp.TCPTransport.handleMessages(TCPTransport.java:587) ~[?:?]
	at java.rmi/sun.rmi.transport.tcp.TCPTransport$ConnectionHandler.run0(TCPTransport.java:828) ~[?:?]
	at java.rmi/sun.rmi.transport.tcp.TCPTransport$ConnectionHandler.lambda$run$0(TCPTransport.java:705) ~[?:?]
	at java.base/java.security.AccessController.doPrivileged(AccessController.java:399) [?:?]
	at java.rmi/sun.rmi.transport.tcp.TCPTransport$ConnectionHandler.run(TCPTransport.java:704) [?:?]
	at java.base/java.util.concurrent.ThreadPoolExecutor.runWorker(ThreadPoolExecutor.java:1136) [?:?]
	at java.base/java.util.concurrent.ThreadPoolExecutor$Worker.run(ThreadPoolExecutor.java:635) [?:?]
	at java.base/java.lang.Thread.run(Thread.java:840) [?:?]
2024-07-02 17:55:36.891 - INFO  [           main] o.s.b.StartupInfoLogger        : Starting Service1Application using Java 17.0.10 with PID 33091 (/Users/glfadd/Downloads/source/service-1/target/classes started by glfadd in /Users/glfadd/Downloads/source/service-1)
2024-07-02 17:55:36.894 - INFO  [           main] o.s.b.SpringApplication        : No active profile set, falling back to 1 default profile: "default"
2024-07-02 17:55:37.249 - WARN  [           main] o.m.l.Logger                   : No MyBatis mapper was found in '[com.glf.service1.firstMapper]' package. Please check your configuration.
2024-07-02 17:55:37.407 - INFO  [           main] o.s.b.w.e.t.TomcatWebServer    : Tomcat initialized with port 8080 (http)
2024-07-02 17:55:37.412 - INFO  [           main] o.a.j.l.DirectJDKLog           : Initializing ProtocolHandler ["http-nio-8080"]
2024-07-02 17:55:37.413 - INFO  [           main] o.a.j.l.DirectJDKLog           : Starting service [Tomcat]
2024-07-02 17:55:37.413 - INFO  [           main] o.a.j.l.DirectJDKLog           : Starting Servlet engine: [Apache Tomcat/10.1.25]
2024-07-02 17:55:37.433 - INFO  [           main] o.a.j.l.DirectJDKLog           : Initializing Spring embedded WebApplicationContext
2024-07-02 17:55:37.434 - INFO  [           main] letWebServerApplicationContext : Root WebApplicationContext: initialization completed in 526 ms
2024-07-02 17:55:37.523 - WARN  [           main] o.m.l.Logger                   : Property 'mapperLocations' was specified but matching resources are not found.
2024-07-02 17:55:37.781 - INFO  [           main] .b.a.e.w.EndpointLinksResolver : Exposing 1 endpoint beneath base path '/actuator'
2024-07-02 17:55:37.803 - INFO  [           main] o.a.j.l.DirectJDKLog           : Starting ProtocolHandler ["http-nio-8080"]
2024-07-02 17:55:37.810 - INFO  [           main] o.s.b.w.e.t.TomcatWebServer    : Tomcat started on port 8080 (http) with context path '/'
2024-07-02 17:55:37.820 - INFO  [           main] o.s.b.StartupInfoLogger        : Started Service1Application in 1.055 seconds (process running for 1.474)
2024-07-02 17:55:38.058 - INFO  [)-10.133.88.194] o.a.j.l.DirectJDKLog           : Initializing Spring DispatcherServlet 'dispatcherServlet'
2024-07-02 17:55:38.058 - INFO  [)-10.133.88.194] o.s.w.s.FrameworkServlet       : Initializing Servlet 'dispatcherServlet'
2024-07-02 17:55:38.058 - INFO  [)-10.133.88.194] o.s.w.s.FrameworkServlet       : Completed initialization in 0 ms
2024-07-02 17:55:38.058 - WARN  [)-10.133.88.194] .b.a.h.AbstractHealthIndicator : DataSource health check failed
java.lang.IllegalArgumentException: jdbcUrl is required with driverClassName.
	at com.zaxxer.hikari.HikariConfig.validate(HikariConfig.java:1028) ~[HikariCP-5.1.0.jar:?]
	at com.zaxxer.hikari.HikariDataSource.getConnection(HikariDataSource.java:108) ~[HikariCP-5.1.0.jar:?]
	at org.springframework.jdbc.datasource.DataSourceUtils.fetchConnection(DataSourceUtils.java:160) ~[spring-jdbc-6.1.10.jar:6.1.10]
	at org.springframework.jdbc.datasource.DataSourceUtils.doGetConnection(DataSourceUtils.java:118) ~[spring-jdbc-6.1.10.jar:6.1.10]
	at org.springframework.jdbc.datasource.DataSourceUtils.getConnection(DataSourceUtils.java:81) ~[spring-jdbc-6.1.10.jar:6.1.10]
	at org.springframework.jdbc.core.JdbcTemplate.execute(JdbcTemplate.java:342) ~[spring-jdbc-6.1.10.jar:6.1.10]
	at org.springframework.boot.actuate.jdbc.DataSourceHealthIndicator.getProduct(DataSourceHealthIndicator.java:122) ~[spring-boot-actuator-3.3.1.jar:3.3.1]
	at org.springframework.boot.actuate.jdbc.DataSourceHealthIndicator.doDataSourceHealthCheck(DataSourceHealthIndicator.java:105) ~[spring-boot-actuator-3.3.1.jar:3.3.1]
	at org.springframework.boot.actuate.jdbc.DataSourceHealthIndicator.doHealthCheck(DataSourceHealthIndicator.java:100) ~[spring-boot-actuator-3.3.1.jar:3.3.1]
	at org.springframework.boot.actuate.health.AbstractHealthIndicator.health(AbstractHealthIndicator.java:82) ~[spring-boot-actuator-3.3.1.jar:3.3.1]
	at org.springframework.boot.actuate.health.HealthIndicator.getHealth(HealthIndicator.java:37) ~[spring-boot-actuator-3.3.1.jar:3.3.1]
	at org.springframework.boot.actuate.health.HealthEndpoint.getHealth(HealthEndpoint.java:82) ~[spring-boot-actuator-3.3.1.jar:3.3.1]
	at org.springframework.boot.actuate.health.HealthEndpoint.getHealth(HealthEndpoint.java:41) ~[spring-boot-actuator-3.3.1.jar:3.3.1]
	at org.springframework.boot.actuate.health.HealthEndpointSupport.getLoggedHealth(HealthEndpointSupport.java:172) ~[spring-boot-actuator-3.3.1.jar:3.3.1]
	at org.springframework.boot.actuate.health.HealthEndpointSupport.getContribution(HealthEndpointSupport.java:145) ~[spring-boot-actuator-3.3.1.jar:3.3.1]
	at org.springframework.boot.actuate.health.HealthEndpointSupport.getAggregateContribution(HealthEndpointSupport.java:156) ~[spring-boot-actuator-3.3.1.jar:3.3.1]
	at org.springframework.boot.actuate.health.HealthEndpointSupport.getContribution(HealthEndpointSupport.java:141) ~[spring-boot-actuator-3.3.1.jar:3.3.1]
	at org.springframework.boot.actuate.health.HealthEndpointSupport.getHealth(HealthEndpointSupport.java:110) ~[spring-boot-actuator-3.3.1.jar:3.3.1]
	at org.springframework.boot.actuate.health.HealthEndpointSupport.getHealth(HealthEndpointSupport.java:81) ~[spring-boot-actuator-3.3.1.jar:3.3.1]
	at org.springframework.boot.actuate.health.HealthEndpoint.health(HealthEndpoint.java:76) ~[spring-boot-actuator-3.3.1.jar:3.3.1]
	at org.springframework.boot.actuate.health.HealthEndpoint.health(HealthEndpoint.java:66) ~[spring-boot-actuator-3.3.1.jar:3.3.1]
	at java.base/jdk.internal.reflect.NativeMethodAccessorImpl.invoke0(Native Method) ~[?:?]
	at java.base/jdk.internal.reflect.NativeMethodAccessorImpl.invoke(NativeMethodAccessorImpl.java:77) ~[?:?]
	at java.base/jdk.internal.reflect.DelegatingMethodAccessorImpl.invoke(DelegatingMethodAccessorImpl.java:43) ~[?:?]
	at java.base/java.lang.reflect.Method.invoke(Method.java:568) ~[?:?]
	at org.springframework.util.ReflectionUtils.invokeMethod(ReflectionUtils.java:281) ~[spring-core-6.1.10.jar:6.1.10]
	at org.springframework.boot.actuate.endpoint.invoke.reflect.ReflectiveOperationInvoker.invoke(ReflectiveOperationInvoker.java:74) ~[spring-boot-actuator-3.3.1.jar:3.3.1]
	at org.springframework.boot.actuate.endpoint.annotation.AbstractDiscoveredOperation.invoke(AbstractDiscoveredOperation.java:60) ~[spring-boot-actuator-3.3.1.jar:3.3.1]
	at org.springframework.boot.actuate.endpoint.jmx.EndpointMBean.invoke(EndpointMBean.java:124) ~[spring-boot-actuator-3.3.1.jar:3.3.1]
	at org.springframework.boot.actuate.endpoint.jmx.EndpointMBean.invoke(EndpointMBean.java:97) ~[spring-boot-actuator-3.3.1.jar:3.3.1]
	at java.management/com.sun.jmx.interceptor.DefaultMBeanServerInterceptor.invoke(DefaultMBeanServerInterceptor.java:814) ~[?:?]
	at java.management/com.sun.jmx.mbeanserver.JmxMBeanServer.invoke(JmxMBeanServer.java:802) ~[?:?]
	at java.management.rmi/javax.management.remote.rmi.RMIConnectionImpl.doOperation(RMIConnectionImpl.java:1472) ~[?:?]
	at java.management.rmi/javax.management.remote.rmi.RMIConnectionImpl$PrivilegedOperation.run(RMIConnectionImpl.java:1310) ~[?:?]
	at java.management.rmi/javax.management.remote.rmi.RMIConnectionImpl.doPrivilegedOperation(RMIConnectionImpl.java:1405) ~[?:?]
	at java.management.rmi/javax.management.remote.rmi.RMIConnectionImpl.invoke(RMIConnectionImpl.java:829) ~[?:?]
	at java.base/jdk.internal.reflect.GeneratedMethodAccessor14.invoke(Unknown Source) ~[?:?]
	at java.base/jdk.internal.reflect.DelegatingMethodAccessorImpl.invoke(DelegatingMethodAccessorImpl.java:43) ~[?:?]
	at java.base/java.lang.reflect.Method.invoke(Method.java:568) ~[?:?]
	at java.rmi/sun.rmi.server.UnicastServerRef.dispatch(UnicastServerRef.java:360) ~[?:?]
	at java.rmi/sun.rmi.transport.Transport$1.run(Transport.java:200) ~[?:?]
	at java.rmi/sun.rmi.transport.Transport$1.run(Transport.java:197) ~[?:?]
	at java.base/java.security.AccessController.doPrivileged(AccessController.java:712) [?:?]
	at java.rmi/sun.rmi.transport.Transport.serviceCall(Transport.java:196) ~[?:?]
	at java.rmi/sun.rmi.transport.tcp.TCPTransport.handleMessages(TCPTransport.java:587) ~[?:?]
	at java.rmi/sun.rmi.transport.tcp.TCPTransport$ConnectionHandler.run0(TCPTransport.java:828) ~[?:?]
	at java.rmi/sun.rmi.transport.tcp.TCPTransport$ConnectionHandler.lambda$run$0(TCPTransport.java:705) ~[?:?]
	at java.base/java.security.AccessController.doPrivileged(AccessController.java:399) [?:?]
	at java.rmi/sun.rmi.transport.tcp.TCPTransport$ConnectionHandler.run(TCPTransport.java:704) [?:?]
	at java.base/java.util.concurrent.ThreadPoolExecutor.runWorker(ThreadPoolExecutor.java:1136) [?:?]
	at java.base/java.util.concurrent.ThreadPoolExecutor$Worker.run(ThreadPoolExecutor.java:635) [?:?]
	at java.base/java.lang.Thread.run(Thread.java:840) [?:?]
2024-07-02 18:00:23.300 - INFO  [           main] o.s.b.StartupInfoLogger        : Starting Service1Application using Java 17.0.10 with PID 33201 (/Users/glfadd/Downloads/source/service-1/target/classes started by glfadd in /Users/glfadd/Downloads/source/service-1)
2024-07-02 18:00:23.303 - INFO  [           main] o.s.b.SpringApplication        : No active profile set, falling back to 1 default profile: "default"
2024-07-02 18:00:23.663 - WARN  [           main] o.m.l.Logger                   : No MyBatis mapper was found in '[com.glf.service1.firstMapper]' package. Please check your configuration.
2024-07-02 18:00:23.818 - INFO  [           main] o.s.b.w.e.t.TomcatWebServer    : Tomcat initialized with port 8080 (http)
2024-07-02 18:00:23.823 - INFO  [           main] o.a.j.l.DirectJDKLog           : Initializing ProtocolHandler ["http-nio-8080"]
2024-07-02 18:00:23.823 - INFO  [           main] o.a.j.l.DirectJDKLog           : Starting service [Tomcat]
2024-07-02 18:00:23.824 - INFO  [           main] o.a.j.l.DirectJDKLog           : Starting Servlet engine: [Apache Tomcat/10.1.25]
2024-07-02 18:00:23.843 - INFO  [           main] o.a.j.l.DirectJDKLog           : Initializing Spring embedded WebApplicationContext
2024-07-02 18:00:23.844 - INFO  [           main] letWebServerApplicationContext : Root WebApplicationContext: initialization completed in 526 ms
2024-07-02 18:00:23.928 - WARN  [           main] o.m.l.Logger                   : Property 'mapperLocations' was specified but matching resources are not found.
2024-07-02 18:00:24.185 - INFO  [           main] .b.a.e.w.EndpointLinksResolver : Exposing 1 endpoint beneath base path '/actuator'
2024-07-02 18:00:24.207 - INFO  [           main] o.a.j.l.DirectJDKLog           : Starting ProtocolHandler ["http-nio-8080"]
2024-07-02 18:00:24.214 - INFO  [           main] o.s.b.w.e.t.TomcatWebServer    : Tomcat started on port 8080 (http) with context path '/'
2024-07-02 18:00:24.224 - INFO  [           main] o.s.b.StartupInfoLogger        : Started Service1Application in 1.051 seconds (process running for 1.472)
2024-07-02 18:00:24.474 - INFO  [)-10.133.88.194] o.a.j.l.DirectJDKLog           : Initializing Spring DispatcherServlet 'dispatcherServlet'
2024-07-02 18:00:24.474 - INFO  [)-10.133.88.194] o.s.w.s.FrameworkServlet       : Initializing Servlet 'dispatcherServlet'
2024-07-02 18:00:24.475 - INFO  [)-10.133.88.194] o.s.w.s.FrameworkServlet       : Completed initialization in 1 ms
2024-07-02 18:00:24.474 - WARN  [)-10.133.88.194] .b.a.h.AbstractHealthIndicator : DataSource health check failed
java.lang.IllegalArgumentException: dataSource or dataSourceClassName or jdbcUrl is required.
	at com.zaxxer.hikari.HikariConfig.validate(HikariConfig.java:1032) ~[HikariCP-5.1.0.jar:?]
	at com.zaxxer.hikari.HikariDataSource.getConnection(HikariDataSource.java:108) ~[HikariCP-5.1.0.jar:?]
	at org.springframework.jdbc.datasource.DataSourceUtils.fetchConnection(DataSourceUtils.java:160) ~[spring-jdbc-6.1.10.jar:6.1.10]
	at org.springframework.jdbc.datasource.DataSourceUtils.doGetConnection(DataSourceUtils.java:118) ~[spring-jdbc-6.1.10.jar:6.1.10]
	at org.springframework.jdbc.datasource.DataSourceUtils.getConnection(DataSourceUtils.java:81) ~[spring-jdbc-6.1.10.jar:6.1.10]
	at org.springframework.jdbc.core.JdbcTemplate.execute(JdbcTemplate.java:342) ~[spring-jdbc-6.1.10.jar:6.1.10]
	at org.springframework.boot.actuate.jdbc.DataSourceHealthIndicator.getProduct(DataSourceHealthIndicator.java:122) ~[spring-boot-actuator-3.3.1.jar:3.3.1]
	at org.springframework.boot.actuate.jdbc.DataSourceHealthIndicator.doDataSourceHealthCheck(DataSourceHealthIndicator.java:105) ~[spring-boot-actuator-3.3.1.jar:3.3.1]
	at org.springframework.boot.actuate.jdbc.DataSourceHealthIndicator.doHealthCheck(DataSourceHealthIndicator.java:100) ~[spring-boot-actuator-3.3.1.jar:3.3.1]
	at org.springframework.boot.actuate.health.AbstractHealthIndicator.health(AbstractHealthIndicator.java:82) ~[spring-boot-actuator-3.3.1.jar:3.3.1]
	at org.springframework.boot.actuate.health.HealthIndicator.getHealth(HealthIndicator.java:37) ~[spring-boot-actuator-3.3.1.jar:3.3.1]
	at org.springframework.boot.actuate.health.HealthEndpoint.getHealth(HealthEndpoint.java:82) ~[spring-boot-actuator-3.3.1.jar:3.3.1]
	at org.springframework.boot.actuate.health.HealthEndpoint.getHealth(HealthEndpoint.java:41) ~[spring-boot-actuator-3.3.1.jar:3.3.1]
	at org.springframework.boot.actuate.health.HealthEndpointSupport.getLoggedHealth(HealthEndpointSupport.java:172) ~[spring-boot-actuator-3.3.1.jar:3.3.1]
	at org.springframework.boot.actuate.health.HealthEndpointSupport.getContribution(HealthEndpointSupport.java:145) ~[spring-boot-actuator-3.3.1.jar:3.3.1]
	at org.springframework.boot.actuate.health.HealthEndpointSupport.getAggregateContribution(HealthEndpointSupport.java:156) ~[spring-boot-actuator-3.3.1.jar:3.3.1]
	at org.springframework.boot.actuate.health.HealthEndpointSupport.getContribution(HealthEndpointSupport.java:141) ~[spring-boot-actuator-3.3.1.jar:3.3.1]
	at org.springframework.boot.actuate.health.HealthEndpointSupport.getHealth(HealthEndpointSupport.java:110) ~[spring-boot-actuator-3.3.1.jar:3.3.1]
	at org.springframework.boot.actuate.health.HealthEndpointSupport.getHealth(HealthEndpointSupport.java:81) ~[spring-boot-actuator-3.3.1.jar:3.3.1]
	at org.springframework.boot.actuate.health.HealthEndpoint.health(HealthEndpoint.java:76) ~[spring-boot-actuator-3.3.1.jar:3.3.1]
	at org.springframework.boot.actuate.health.HealthEndpoint.health(HealthEndpoint.java:66) ~[spring-boot-actuator-3.3.1.jar:3.3.1]
	at java.base/jdk.internal.reflect.NativeMethodAccessorImpl.invoke0(Native Method) ~[?:?]
	at java.base/jdk.internal.reflect.NativeMethodAccessorImpl.invoke(NativeMethodAccessorImpl.java:77) ~[?:?]
	at java.base/jdk.internal.reflect.DelegatingMethodAccessorImpl.invoke(DelegatingMethodAccessorImpl.java:43) ~[?:?]
	at java.base/java.lang.reflect.Method.invoke(Method.java:568) ~[?:?]
	at org.springframework.util.ReflectionUtils.invokeMethod(ReflectionUtils.java:281) ~[spring-core-6.1.10.jar:6.1.10]
	at org.springframework.boot.actuate.endpoint.invoke.reflect.ReflectiveOperationInvoker.invoke(ReflectiveOperationInvoker.java:74) ~[spring-boot-actuator-3.3.1.jar:3.3.1]
	at org.springframework.boot.actuate.endpoint.annotation.AbstractDiscoveredOperation.invoke(AbstractDiscoveredOperation.java:60) ~[spring-boot-actuator-3.3.1.jar:3.3.1]
	at org.springframework.boot.actuate.endpoint.jmx.EndpointMBean.invoke(EndpointMBean.java:124) ~[spring-boot-actuator-3.3.1.jar:3.3.1]
	at org.springframework.boot.actuate.endpoint.jmx.EndpointMBean.invoke(EndpointMBean.java:97) ~[spring-boot-actuator-3.3.1.jar:3.3.1]
	at java.management/com.sun.jmx.interceptor.DefaultMBeanServerInterceptor.invoke(DefaultMBeanServerInterceptor.java:814) ~[?:?]
	at java.management/com.sun.jmx.mbeanserver.JmxMBeanServer.invoke(JmxMBeanServer.java:802) ~[?:?]
	at java.management.rmi/javax.management.remote.rmi.RMIConnectionImpl.doOperation(RMIConnectionImpl.java:1472) ~[?:?]
	at java.management.rmi/javax.management.remote.rmi.RMIConnectionImpl$PrivilegedOperation.run(RMIConnectionImpl.java:1310) ~[?:?]
	at java.management.rmi/javax.management.remote.rmi.RMIConnectionImpl.doPrivilegedOperation(RMIConnectionImpl.java:1405) ~[?:?]
	at java.management.rmi/javax.management.remote.rmi.RMIConnectionImpl.invoke(RMIConnectionImpl.java:829) ~[?:?]
	at java.base/jdk.internal.reflect.GeneratedMethodAccessor14.invoke(Unknown Source) ~[?:?]
	at java.base/jdk.internal.reflect.DelegatingMethodAccessorImpl.invoke(DelegatingMethodAccessorImpl.java:43) ~[?:?]
	at java.base/java.lang.reflect.Method.invoke(Method.java:568) ~[?:?]
	at java.rmi/sun.rmi.server.UnicastServerRef.dispatch(UnicastServerRef.java:360) ~[?:?]
	at java.rmi/sun.rmi.transport.Transport$1.run(Transport.java:200) ~[?:?]
	at java.rmi/sun.rmi.transport.Transport$1.run(Transport.java:197) ~[?:?]
	at java.base/java.security.AccessController.doPrivileged(AccessController.java:712) [?:?]
	at java.rmi/sun.rmi.transport.Transport.serviceCall(Transport.java:196) ~[?:?]
	at java.rmi/sun.rmi.transport.tcp.TCPTransport.handleMessages(TCPTransport.java:587) ~[?:?]
	at java.rmi/sun.rmi.transport.tcp.TCPTransport$ConnectionHandler.run0(TCPTransport.java:828) ~[?:?]
	at java.rmi/sun.rmi.transport.tcp.TCPTransport$ConnectionHandler.lambda$run$0(TCPTransport.java:705) ~[?:?]
	at java.base/java.security.AccessController.doPrivileged(AccessController.java:399) [?:?]
	at java.rmi/sun.rmi.transport.tcp.TCPTransport$ConnectionHandler.run(TCPTransport.java:704) [?:?]
	at java.base/java.util.concurrent.ThreadPoolExecutor.runWorker(ThreadPoolExecutor.java:1136) [?:?]
	at java.base/java.util.concurrent.ThreadPoolExecutor$Worker.run(ThreadPoolExecutor.java:635) [?:?]
	at java.base/java.lang.Thread.run(Thread.java:840) [?:?]
2024-07-02 18:00:47.474 - INFO  [           main] o.s.b.StartupInfoLogger        : Starting Service1Application using Java 17.0.10 with PID 33219 (/Users/glfadd/Downloads/source/service-1/target/classes started by glfadd in /Users/glfadd/Downloads/source/service-1)
2024-07-02 18:00:47.477 - INFO  [           main] o.s.b.SpringApplication        : No active profile set, falling back to 1 default profile: "default"
2024-07-02 18:00:47.812 - WARN  [           main] o.m.l.Logger                   : No MyBatis mapper was found in '[com.glf.service1.firstMapper]' package. Please check your configuration.
2024-07-02 18:00:47.967 - INFO  [           main] o.s.b.w.e.t.TomcatWebServer    : Tomcat initialized with port 8080 (http)
2024-07-02 18:00:47.971 - INFO  [           main] o.a.j.l.DirectJDKLog           : Initializing ProtocolHandler ["http-nio-8080"]
2024-07-02 18:00:47.972 - INFO  [           main] o.a.j.l.DirectJDKLog           : Starting service [Tomcat]
2024-07-02 18:00:47.972 - INFO  [           main] o.a.j.l.DirectJDKLog           : Starting Servlet engine: [Apache Tomcat/10.1.25]
2024-07-02 18:00:47.991 - INFO  [           main] o.a.j.l.DirectJDKLog           : Initializing Spring embedded WebApplicationContext
2024-07-02 18:00:47.992 - INFO  [           main] letWebServerApplicationContext : Root WebApplicationContext: initialization completed in 502 ms
2024-07-02 18:00:48.071 - WARN  [           main] o.m.l.Logger                   : Property 'mapperLocations' was specified but matching resources are not found.
2024-07-02 18:00:48.323 - INFO  [           main] .b.a.e.w.EndpointLinksResolver : Exposing 1 endpoint beneath base path '/actuator'
2024-07-02 18:00:48.345 - INFO  [           main] o.a.j.l.DirectJDKLog           : Starting ProtocolHandler ["http-nio-8080"]
2024-07-02 18:00:48.352 - INFO  [           main] o.s.b.w.e.t.TomcatWebServer    : Tomcat started on port 8080 (http) with context path '/'
2024-07-02 18:00:48.361 - INFO  [           main] o.s.b.StartupInfoLogger        : Started Service1Application in 1.02 seconds (process running for 1.422)
2024-07-02 18:00:48.675 - INFO  [)-10.133.88.194] o.a.j.l.DirectJDKLog           : Initializing Spring DispatcherServlet 'dispatcherServlet'
2024-07-02 18:00:48.676 - INFO  [)-10.133.88.194] o.s.w.s.FrameworkServlet       : Initializing Servlet 'dispatcherServlet'
2024-07-02 18:00:48.676 - INFO  [)-10.133.88.194] o.s.w.s.FrameworkServlet       : Completed initialization in 0 ms
2024-07-02 18:00:48.677 - WARN  [)-10.133.88.194] .b.a.h.AbstractHealthIndicator : DataSource health check failed
java.lang.IllegalArgumentException: dataSource or dataSourceClassName or jdbcUrl is required.
	at com.zaxxer.hikari.HikariConfig.validate(HikariConfig.java:1032) ~[HikariCP-5.1.0.jar:?]
	at com.zaxxer.hikari.HikariDataSource.getConnection(HikariDataSource.java:108) ~[HikariCP-5.1.0.jar:?]
	at org.springframework.jdbc.datasource.DataSourceUtils.fetchConnection(DataSourceUtils.java:160) ~[spring-jdbc-6.1.10.jar:6.1.10]
	at org.springframework.jdbc.datasource.DataSourceUtils.doGetConnection(DataSourceUtils.java:118) ~[spring-jdbc-6.1.10.jar:6.1.10]
	at org.springframework.jdbc.datasource.DataSourceUtils.getConnection(DataSourceUtils.java:81) ~[spring-jdbc-6.1.10.jar:6.1.10]
	at org.springframework.jdbc.core.JdbcTemplate.execute(JdbcTemplate.java:342) ~[spring-jdbc-6.1.10.jar:6.1.10]
	at org.springframework.boot.actuate.jdbc.DataSourceHealthIndicator.getProduct(DataSourceHealthIndicator.java:122) ~[spring-boot-actuator-3.3.1.jar:3.3.1]
	at org.springframework.boot.actuate.jdbc.DataSourceHealthIndicator.doDataSourceHealthCheck(DataSourceHealthIndicator.java:105) ~[spring-boot-actuator-3.3.1.jar:3.3.1]
	at org.springframework.boot.actuate.jdbc.DataSourceHealthIndicator.doHealthCheck(DataSourceHealthIndicator.java:100) ~[spring-boot-actuator-3.3.1.jar:3.3.1]
	at org.springframework.boot.actuate.health.AbstractHealthIndicator.health(AbstractHealthIndicator.java:82) ~[spring-boot-actuator-3.3.1.jar:3.3.1]
	at org.springframework.boot.actuate.health.HealthIndicator.getHealth(HealthIndicator.java:37) ~[spring-boot-actuator-3.3.1.jar:3.3.1]
	at org.springframework.boot.actuate.health.HealthEndpoint.getHealth(HealthEndpoint.java:82) ~[spring-boot-actuator-3.3.1.jar:3.3.1]
	at org.springframework.boot.actuate.health.HealthEndpoint.getHealth(HealthEndpoint.java:41) ~[spring-boot-actuator-3.3.1.jar:3.3.1]
	at org.springframework.boot.actuate.health.HealthEndpointSupport.getLoggedHealth(HealthEndpointSupport.java:172) ~[spring-boot-actuator-3.3.1.jar:3.3.1]
	at org.springframework.boot.actuate.health.HealthEndpointSupport.getContribution(HealthEndpointSupport.java:145) ~[spring-boot-actuator-3.3.1.jar:3.3.1]
	at org.springframework.boot.actuate.health.HealthEndpointSupport.getAggregateContribution(HealthEndpointSupport.java:156) ~[spring-boot-actuator-3.3.1.jar:3.3.1]
	at org.springframework.boot.actuate.health.HealthEndpointSupport.getContribution(HealthEndpointSupport.java:141) ~[spring-boot-actuator-3.3.1.jar:3.3.1]
	at org.springframework.boot.actuate.health.HealthEndpointSupport.getHealth(HealthEndpointSupport.java:110) ~[spring-boot-actuator-3.3.1.jar:3.3.1]
	at org.springframework.boot.actuate.health.HealthEndpointSupport.getHealth(HealthEndpointSupport.java:81) ~[spring-boot-actuator-3.3.1.jar:3.3.1]
	at org.springframework.boot.actuate.health.HealthEndpoint.health(HealthEndpoint.java:76) ~[spring-boot-actuator-3.3.1.jar:3.3.1]
	at org.springframework.boot.actuate.health.HealthEndpoint.health(HealthEndpoint.java:66) ~[spring-boot-actuator-3.3.1.jar:3.3.1]
	at java.base/jdk.internal.reflect.NativeMethodAccessorImpl.invoke0(Native Method) ~[?:?]
	at java.base/jdk.internal.reflect.NativeMethodAccessorImpl.invoke(NativeMethodAccessorImpl.java:77) ~[?:?]
	at java.base/jdk.internal.reflect.DelegatingMethodAccessorImpl.invoke(DelegatingMethodAccessorImpl.java:43) ~[?:?]
	at java.base/java.lang.reflect.Method.invoke(Method.java:568) ~[?:?]
	at org.springframework.util.ReflectionUtils.invokeMethod(ReflectionUtils.java:281) ~[spring-core-6.1.10.jar:6.1.10]
	at org.springframework.boot.actuate.endpoint.invoke.reflect.ReflectiveOperationInvoker.invoke(ReflectiveOperationInvoker.java:74) ~[spring-boot-actuator-3.3.1.jar:3.3.1]
	at org.springframework.boot.actuate.endpoint.annotation.AbstractDiscoveredOperation.invoke(AbstractDiscoveredOperation.java:60) ~[spring-boot-actuator-3.3.1.jar:3.3.1]
	at org.springframework.boot.actuate.endpoint.jmx.EndpointMBean.invoke(EndpointMBean.java:124) ~[spring-boot-actuator-3.3.1.jar:3.3.1]
	at org.springframework.boot.actuate.endpoint.jmx.EndpointMBean.invoke(EndpointMBean.java:97) ~[spring-boot-actuator-3.3.1.jar:3.3.1]
	at java.management/com.sun.jmx.interceptor.DefaultMBeanServerInterceptor.invoke(DefaultMBeanServerInterceptor.java:814) ~[?:?]
	at java.management/com.sun.jmx.mbeanserver.JmxMBeanServer.invoke(JmxMBeanServer.java:802) ~[?:?]
	at java.management.rmi/javax.management.remote.rmi.RMIConnectionImpl.doOperation(RMIConnectionImpl.java:1472) ~[?:?]
	at java.management.rmi/javax.management.remote.rmi.RMIConnectionImpl$PrivilegedOperation.run(RMIConnectionImpl.java:1310) ~[?:?]
	at java.management.rmi/javax.management.remote.rmi.RMIConnectionImpl.doPrivilegedOperation(RMIConnectionImpl.java:1405) ~[?:?]
	at java.management.rmi/javax.management.remote.rmi.RMIConnectionImpl.invoke(RMIConnectionImpl.java:829) ~[?:?]
	at java.base/jdk.internal.reflect.GeneratedMethodAccessor14.invoke(Unknown Source) ~[?:?]
	at java.base/jdk.internal.reflect.DelegatingMethodAccessorImpl.invoke(DelegatingMethodAccessorImpl.java:43) ~[?:?]
	at java.base/java.lang.reflect.Method.invoke(Method.java:568) ~[?:?]
	at java.rmi/sun.rmi.server.UnicastServerRef.dispatch(UnicastServerRef.java:360) ~[?:?]
	at java.rmi/sun.rmi.transport.Transport$1.run(Transport.java:200) ~[?:?]
	at java.rmi/sun.rmi.transport.Transport$1.run(Transport.java:197) ~[?:?]
	at java.base/java.security.AccessController.doPrivileged(AccessController.java:712) [?:?]
	at java.rmi/sun.rmi.transport.Transport.serviceCall(Transport.java:196) ~[?:?]
	at java.rmi/sun.rmi.transport.tcp.TCPTransport.handleMessages(TCPTransport.java:587) ~[?:?]
	at java.rmi/sun.rmi.transport.tcp.TCPTransport$ConnectionHandler.run0(TCPTransport.java:828) ~[?:?]
	at java.rmi/sun.rmi.transport.tcp.TCPTransport$ConnectionHandler.lambda$run$0(TCPTransport.java:705) ~[?:?]
	at java.base/java.security.AccessController.doPrivileged(AccessController.java:399) [?:?]
	at java.rmi/sun.rmi.transport.tcp.TCPTransport$ConnectionHandler.run(TCPTransport.java:704) [?:?]
	at java.base/java.util.concurrent.ThreadPoolExecutor.runWorker(ThreadPoolExecutor.java:1136) [?:?]
	at java.base/java.util.concurrent.ThreadPoolExecutor$Worker.run(ThreadPoolExecutor.java:635) [?:?]
	at java.base/java.lang.Thread.run(Thread.java:840) [?:?]
2024-07-02 18:02:22.883 - INFO  [           main] o.s.b.StartupInfoLogger        : Starting Service1Application using Java 17.0.10 with PID 33246 (/Users/glfadd/Downloads/source/service-1/target/classes started by glfadd in /Users/glfadd/Downloads/source/service-1)
2024-07-02 18:02:22.886 - INFO  [           main] o.s.b.SpringApplication        : No active profile set, falling back to 1 default profile: "default"
2024-07-02 18:02:23.237 - WARN  [           main] o.m.l.Logger                   : No MyBatis mapper was found in '[com.glf.service1.firstMapper]' package. Please check your configuration.
2024-07-02 18:02:23.389 - INFO  [           main] o.s.b.w.e.t.TomcatWebServer    : Tomcat initialized with port 8080 (http)
2024-07-02 18:02:23.393 - INFO  [           main] o.a.j.l.DirectJDKLog           : Initializing ProtocolHandler ["http-nio-8080"]
2024-07-02 18:02:23.394 - INFO  [           main] o.a.j.l.DirectJDKLog           : Starting service [Tomcat]
2024-07-02 18:02:23.394 - INFO  [           main] o.a.j.l.DirectJDKLog           : Starting Servlet engine: [Apache Tomcat/10.1.25]
2024-07-02 18:02:23.413 - INFO  [           main] o.a.j.l.DirectJDKLog           : Initializing Spring embedded WebApplicationContext
2024-07-02 18:02:23.414 - INFO  [           main] letWebServerApplicationContext : Root WebApplicationContext: initialization completed in 514 ms
2024-07-02 18:02:23.499 - WARN  [           main] o.m.l.Logger                   : Property 'mapperLocations' was specified but matching resources are not found.
2024-07-02 18:02:23.756 - INFO  [           main] .b.a.e.w.EndpointLinksResolver : Exposing 1 endpoint beneath base path '/actuator'
2024-07-02 18:02:23.778 - INFO  [           main] o.a.j.l.DirectJDKLog           : Starting ProtocolHandler ["http-nio-8080"]
2024-07-02 18:02:23.785 - INFO  [           main] o.s.b.w.e.t.TomcatWebServer    : Tomcat started on port 8080 (http) with context path '/'
2024-07-02 18:02:23.794 - INFO  [           main] o.s.b.StartupInfoLogger        : Started Service1Application in 1.036 seconds (process running for 1.458)
2024-07-02 18:02:24.059 - INFO  [)-10.133.88.194] o.a.j.l.DirectJDKLog           : Initializing Spring DispatcherServlet 'dispatcherServlet'
2024-07-02 18:02:24.060 - INFO  [)-10.133.88.194] o.s.w.s.FrameworkServlet       : Initializing Servlet 'dispatcherServlet'
2024-07-02 18:02:24.060 - INFO  [)-10.133.88.194] o.s.w.s.FrameworkServlet       : Completed initialization in 0 ms
2024-07-02 18:02:24.060 - WARN  [)-10.133.88.194] .b.a.h.AbstractHealthIndicator : DataSource health check failed
java.lang.IllegalArgumentException: jdbcUrl is required with driverClassName.
	at com.zaxxer.hikari.HikariConfig.validate(HikariConfig.java:1028) ~[HikariCP-5.1.0.jar:?]
	at com.zaxxer.hikari.HikariDataSource.getConnection(HikariDataSource.java:108) ~[HikariCP-5.1.0.jar:?]
	at org.springframework.jdbc.datasource.DataSourceUtils.fetchConnection(DataSourceUtils.java:160) ~[spring-jdbc-6.1.10.jar:6.1.10]
	at org.springframework.jdbc.datasource.DataSourceUtils.doGetConnection(DataSourceUtils.java:118) ~[spring-jdbc-6.1.10.jar:6.1.10]
	at org.springframework.jdbc.datasource.DataSourceUtils.getConnection(DataSourceUtils.java:81) ~[spring-jdbc-6.1.10.jar:6.1.10]
	at org.springframework.jdbc.core.JdbcTemplate.execute(JdbcTemplate.java:342) ~[spring-jdbc-6.1.10.jar:6.1.10]
	at org.springframework.boot.actuate.jdbc.DataSourceHealthIndicator.getProduct(DataSourceHealthIndicator.java:122) ~[spring-boot-actuator-3.3.1.jar:3.3.1]
	at org.springframework.boot.actuate.jdbc.DataSourceHealthIndicator.doDataSourceHealthCheck(DataSourceHealthIndicator.java:105) ~[spring-boot-actuator-3.3.1.jar:3.3.1]
	at org.springframework.boot.actuate.jdbc.DataSourceHealthIndicator.doHealthCheck(DataSourceHealthIndicator.java:100) ~[spring-boot-actuator-3.3.1.jar:3.3.1]
	at org.springframework.boot.actuate.health.AbstractHealthIndicator.health(AbstractHealthIndicator.java:82) ~[spring-boot-actuator-3.3.1.jar:3.3.1]
	at org.springframework.boot.actuate.health.HealthIndicator.getHealth(HealthIndicator.java:37) ~[spring-boot-actuator-3.3.1.jar:3.3.1]
	at org.springframework.boot.actuate.health.HealthEndpoint.getHealth(HealthEndpoint.java:82) ~[spring-boot-actuator-3.3.1.jar:3.3.1]
	at org.springframework.boot.actuate.health.HealthEndpoint.getHealth(HealthEndpoint.java:41) ~[spring-boot-actuator-3.3.1.jar:3.3.1]
	at org.springframework.boot.actuate.health.HealthEndpointSupport.getLoggedHealth(HealthEndpointSupport.java:172) ~[spring-boot-actuator-3.3.1.jar:3.3.1]
	at org.springframework.boot.actuate.health.HealthEndpointSupport.getContribution(HealthEndpointSupport.java:145) ~[spring-boot-actuator-3.3.1.jar:3.3.1]
	at org.springframework.boot.actuate.health.HealthEndpointSupport.getAggregateContribution(HealthEndpointSupport.java:156) ~[spring-boot-actuator-3.3.1.jar:3.3.1]
	at org.springframework.boot.actuate.health.HealthEndpointSupport.getContribution(HealthEndpointSupport.java:141) ~[spring-boot-actuator-3.3.1.jar:3.3.1]
	at org.springframework.boot.actuate.health.HealthEndpointSupport.getHealth(HealthEndpointSupport.java:110) ~[spring-boot-actuator-3.3.1.jar:3.3.1]
	at org.springframework.boot.actuate.health.HealthEndpointSupport.getHealth(HealthEndpointSupport.java:81) ~[spring-boot-actuator-3.3.1.jar:3.3.1]
	at org.springframework.boot.actuate.health.HealthEndpoint.health(HealthEndpoint.java:76) ~[spring-boot-actuator-3.3.1.jar:3.3.1]
	at org.springframework.boot.actuate.health.HealthEndpoint.health(HealthEndpoint.java:66) ~[spring-boot-actuator-3.3.1.jar:3.3.1]
	at java.base/jdk.internal.reflect.NativeMethodAccessorImpl.invoke0(Native Method) ~[?:?]
	at java.base/jdk.internal.reflect.NativeMethodAccessorImpl.invoke(NativeMethodAccessorImpl.java:77) ~[?:?]
	at java.base/jdk.internal.reflect.DelegatingMethodAccessorImpl.invoke(DelegatingMethodAccessorImpl.java:43) ~[?:?]
	at java.base/java.lang.reflect.Method.invoke(Method.java:568) ~[?:?]
	at org.springframework.util.ReflectionUtils.invokeMethod(ReflectionUtils.java:281) ~[spring-core-6.1.10.jar:6.1.10]
	at org.springframework.boot.actuate.endpoint.invoke.reflect.ReflectiveOperationInvoker.invoke(ReflectiveOperationInvoker.java:74) ~[spring-boot-actuator-3.3.1.jar:3.3.1]
	at org.springframework.boot.actuate.endpoint.annotation.AbstractDiscoveredOperation.invoke(AbstractDiscoveredOperation.java:60) ~[spring-boot-actuator-3.3.1.jar:3.3.1]
	at org.springframework.boot.actuate.endpoint.jmx.EndpointMBean.invoke(EndpointMBean.java:124) ~[spring-boot-actuator-3.3.1.jar:3.3.1]
	at org.springframework.boot.actuate.endpoint.jmx.EndpointMBean.invoke(EndpointMBean.java:97) ~[spring-boot-actuator-3.3.1.jar:3.3.1]
	at java.management/com.sun.jmx.interceptor.DefaultMBeanServerInterceptor.invoke(DefaultMBeanServerInterceptor.java:814) ~[?:?]
	at java.management/com.sun.jmx.mbeanserver.JmxMBeanServer.invoke(JmxMBeanServer.java:802) ~[?:?]
	at java.management.rmi/javax.management.remote.rmi.RMIConnectionImpl.doOperation(RMIConnectionImpl.java:1472) ~[?:?]
	at java.management.rmi/javax.management.remote.rmi.RMIConnectionImpl$PrivilegedOperation.run(RMIConnectionImpl.java:1310) ~[?:?]
	at java.management.rmi/javax.management.remote.rmi.RMIConnectionImpl.doPrivilegedOperation(RMIConnectionImpl.java:1405) ~[?:?]
	at java.management.rmi/javax.management.remote.rmi.RMIConnectionImpl.invoke(RMIConnectionImpl.java:829) ~[?:?]
	at java.base/jdk.internal.reflect.GeneratedMethodAccessor14.invoke(Unknown Source) ~[?:?]
	at java.base/jdk.internal.reflect.DelegatingMethodAccessorImpl.invoke(DelegatingMethodAccessorImpl.java:43) ~[?:?]
	at java.base/java.lang.reflect.Method.invoke(Method.java:568) ~[?:?]
	at java.rmi/sun.rmi.server.UnicastServerRef.dispatch(UnicastServerRef.java:360) ~[?:?]
	at java.rmi/sun.rmi.transport.Transport$1.run(Transport.java:200) ~[?:?]
	at java.rmi/sun.rmi.transport.Transport$1.run(Transport.java:197) ~[?:?]
	at java.base/java.security.AccessController.doPrivileged(AccessController.java:712) [?:?]
	at java.rmi/sun.rmi.transport.Transport.serviceCall(Transport.java:196) ~[?:?]
	at java.rmi/sun.rmi.transport.tcp.TCPTransport.handleMessages(TCPTransport.java:587) ~[?:?]
	at java.rmi/sun.rmi.transport.tcp.TCPTransport$ConnectionHandler.run0(TCPTransport.java:828) ~[?:?]
	at java.rmi/sun.rmi.transport.tcp.TCPTransport$ConnectionHandler.lambda$run$0(TCPTransport.java:705) ~[?:?]
	at java.base/java.security.AccessController.doPrivileged(AccessController.java:399) [?:?]
	at java.rmi/sun.rmi.transport.tcp.TCPTransport$ConnectionHandler.run(TCPTransport.java:704) [?:?]
	at java.base/java.util.concurrent.ThreadPoolExecutor.runWorker(ThreadPoolExecutor.java:1136) [?:?]
	at java.base/java.util.concurrent.ThreadPoolExecutor$Worker.run(ThreadPoolExecutor.java:635) [?:?]
	at java.base/java.lang.Thread.run(Thread.java:840) [?:?]
2024-07-02 18:02:38.570 - INFO  [           main] o.s.b.StartupInfoLogger        : Starting Service1Application using Java 17.0.10 with PID 33263 (/Users/glfadd/Downloads/source/service-1/target/classes started by glfadd in /Users/glfadd/Downloads/source/service-1)
2024-07-02 18:02:38.573 - INFO  [           main] o.s.b.SpringApplication        : No active profile set, falling back to 1 default profile: "default"
2024-07-02 18:02:38.916 - WARN  [           main] o.m.l.Logger                   : No MyBatis mapper was found in '[com.glf.service1.firstMapper]' package. Please check your configuration.
2024-07-02 18:02:39.066 - INFO  [           main] o.s.b.w.e.t.TomcatWebServer    : Tomcat initialized with port 8080 (http)
2024-07-02 18:02:39.071 - INFO  [           main] o.a.j.l.DirectJDKLog           : Initializing ProtocolHandler ["http-nio-8080"]
2024-07-02 18:02:39.072 - INFO  [           main] o.a.j.l.DirectJDKLog           : Starting service [Tomcat]
2024-07-02 18:02:39.072 - INFO  [           main] o.a.j.l.DirectJDKLog           : Starting Servlet engine: [Apache Tomcat/10.1.25]
2024-07-02 18:02:39.092 - INFO  [           main] o.a.j.l.DirectJDKLog           : Initializing Spring embedded WebApplicationContext
2024-07-02 18:02:39.093 - INFO  [           main] letWebServerApplicationContext : Root WebApplicationContext: initialization completed in 506 ms
2024-07-02 18:02:39.173 - WARN  [           main] o.m.l.Logger                   : Property 'mapperLocations' was specified but matching resources are not found.
2024-07-02 18:02:39.424 - INFO  [           main] .b.a.e.w.EndpointLinksResolver : Exposing 1 endpoint beneath base path '/actuator'
2024-07-02 18:02:39.445 - INFO  [           main] o.a.j.l.DirectJDKLog           : Starting ProtocolHandler ["http-nio-8080"]
2024-07-02 18:02:39.452 - INFO  [           main] o.s.b.w.e.t.TomcatWebServer    : Tomcat started on port 8080 (http) with context path '/'
2024-07-02 18:02:39.462 - INFO  [           main] o.s.b.StartupInfoLogger        : Started Service1Application in 1.024 seconds (process running for 1.435)
2024-07-02 18:02:39.754 - INFO  [)-10.133.88.194] o.a.j.l.DirectJDKLog           : Initializing Spring DispatcherServlet 'dispatcherServlet'
2024-07-02 18:02:39.754 - INFO  [)-10.133.88.194] o.s.w.s.FrameworkServlet       : Initializing Servlet 'dispatcherServlet'
2024-07-02 18:02:39.755 - INFO  [)-10.133.88.194] o.s.w.s.FrameworkServlet       : Completed initialization in 0 ms
2024-07-02 18:02:39.754 - WARN  [)-10.133.88.194] .b.a.h.AbstractHealthIndicator : DataSource health check failed
java.lang.IllegalArgumentException: dataSource or dataSourceClassName or jdbcUrl is required.
	at com.zaxxer.hikari.HikariConfig.validate(HikariConfig.java:1032) ~[HikariCP-5.1.0.jar:?]
	at com.zaxxer.hikari.HikariDataSource.getConnection(HikariDataSource.java:108) ~[HikariCP-5.1.0.jar:?]
	at org.springframework.jdbc.datasource.DataSourceUtils.fetchConnection(DataSourceUtils.java:160) ~[spring-jdbc-6.1.10.jar:6.1.10]
	at org.springframework.jdbc.datasource.DataSourceUtils.doGetConnection(DataSourceUtils.java:118) ~[spring-jdbc-6.1.10.jar:6.1.10]
	at org.springframework.jdbc.datasource.DataSourceUtils.getConnection(DataSourceUtils.java:81) ~[spring-jdbc-6.1.10.jar:6.1.10]
	at org.springframework.jdbc.core.JdbcTemplate.execute(JdbcTemplate.java:342) ~[spring-jdbc-6.1.10.jar:6.1.10]
	at org.springframework.boot.actuate.jdbc.DataSourceHealthIndicator.getProduct(DataSourceHealthIndicator.java:122) ~[spring-boot-actuator-3.3.1.jar:3.3.1]
	at org.springframework.boot.actuate.jdbc.DataSourceHealthIndicator.doDataSourceHealthCheck(DataSourceHealthIndicator.java:105) ~[spring-boot-actuator-3.3.1.jar:3.3.1]
	at org.springframework.boot.actuate.jdbc.DataSourceHealthIndicator.doHealthCheck(DataSourceHealthIndicator.java:100) ~[spring-boot-actuator-3.3.1.jar:3.3.1]
	at org.springframework.boot.actuate.health.AbstractHealthIndicator.health(AbstractHealthIndicator.java:82) ~[spring-boot-actuator-3.3.1.jar:3.3.1]
	at org.springframework.boot.actuate.health.HealthIndicator.getHealth(HealthIndicator.java:37) ~[spring-boot-actuator-3.3.1.jar:3.3.1]
	at org.springframework.boot.actuate.health.HealthEndpoint.getHealth(HealthEndpoint.java:82) ~[spring-boot-actuator-3.3.1.jar:3.3.1]
	at org.springframework.boot.actuate.health.HealthEndpoint.getHealth(HealthEndpoint.java:41) ~[spring-boot-actuator-3.3.1.jar:3.3.1]
	at org.springframework.boot.actuate.health.HealthEndpointSupport.getLoggedHealth(HealthEndpointSupport.java:172) ~[spring-boot-actuator-3.3.1.jar:3.3.1]
	at org.springframework.boot.actuate.health.HealthEndpointSupport.getContribution(HealthEndpointSupport.java:145) ~[spring-boot-actuator-3.3.1.jar:3.3.1]
	at org.springframework.boot.actuate.health.HealthEndpointSupport.getAggregateContribution(HealthEndpointSupport.java:156) ~[spring-boot-actuator-3.3.1.jar:3.3.1]
	at org.springframework.boot.actuate.health.HealthEndpointSupport.getContribution(HealthEndpointSupport.java:141) ~[spring-boot-actuator-3.3.1.jar:3.3.1]
	at org.springframework.boot.actuate.health.HealthEndpointSupport.getHealth(HealthEndpointSupport.java:110) ~[spring-boot-actuator-3.3.1.jar:3.3.1]
	at org.springframework.boot.actuate.health.HealthEndpointSupport.getHealth(HealthEndpointSupport.java:81) ~[spring-boot-actuator-3.3.1.jar:3.3.1]
	at org.springframework.boot.actuate.health.HealthEndpoint.health(HealthEndpoint.java:76) ~[spring-boot-actuator-3.3.1.jar:3.3.1]
	at org.springframework.boot.actuate.health.HealthEndpoint.health(HealthEndpoint.java:66) ~[spring-boot-actuator-3.3.1.jar:3.3.1]
	at java.base/jdk.internal.reflect.NativeMethodAccessorImpl.invoke0(Native Method) ~[?:?]
	at java.base/jdk.internal.reflect.NativeMethodAccessorImpl.invoke(NativeMethodAccessorImpl.java:77) ~[?:?]
	at java.base/jdk.internal.reflect.DelegatingMethodAccessorImpl.invoke(DelegatingMethodAccessorImpl.java:43) ~[?:?]
	at java.base/java.lang.reflect.Method.invoke(Method.java:568) ~[?:?]
	at org.springframework.util.ReflectionUtils.invokeMethod(ReflectionUtils.java:281) ~[spring-core-6.1.10.jar:6.1.10]
	at org.springframework.boot.actuate.endpoint.invoke.reflect.ReflectiveOperationInvoker.invoke(ReflectiveOperationInvoker.java:74) ~[spring-boot-actuator-3.3.1.jar:3.3.1]
	at org.springframework.boot.actuate.endpoint.annotation.AbstractDiscoveredOperation.invoke(AbstractDiscoveredOperation.java:60) ~[spring-boot-actuator-3.3.1.jar:3.3.1]
	at org.springframework.boot.actuate.endpoint.jmx.EndpointMBean.invoke(EndpointMBean.java:124) ~[spring-boot-actuator-3.3.1.jar:3.3.1]
	at org.springframework.boot.actuate.endpoint.jmx.EndpointMBean.invoke(EndpointMBean.java:97) ~[spring-boot-actuator-3.3.1.jar:3.3.1]
	at java.management/com.sun.jmx.interceptor.DefaultMBeanServerInterceptor.invoke(DefaultMBeanServerInterceptor.java:814) ~[?:?]
	at java.management/com.sun.jmx.mbeanserver.JmxMBeanServer.invoke(JmxMBeanServer.java:802) ~[?:?]
	at java.management.rmi/javax.management.remote.rmi.RMIConnectionImpl.doOperation(RMIConnectionImpl.java:1472) ~[?:?]
	at java.management.rmi/javax.management.remote.rmi.RMIConnectionImpl$PrivilegedOperation.run(RMIConnectionImpl.java:1310) ~[?:?]
	at java.management.rmi/javax.management.remote.rmi.RMIConnectionImpl.doPrivilegedOperation(RMIConnectionImpl.java:1405) ~[?:?]
	at java.management.rmi/javax.management.remote.rmi.RMIConnectionImpl.invoke(RMIConnectionImpl.java:829) ~[?:?]
	at java.base/jdk.internal.reflect.GeneratedMethodAccessor14.invoke(Unknown Source) ~[?:?]
	at java.base/jdk.internal.reflect.DelegatingMethodAccessorImpl.invoke(DelegatingMethodAccessorImpl.java:43) ~[?:?]
	at java.base/java.lang.reflect.Method.invoke(Method.java:568) ~[?:?]
	at java.rmi/sun.rmi.server.UnicastServerRef.dispatch(UnicastServerRef.java:360) ~[?:?]
	at java.rmi/sun.rmi.transport.Transport$1.run(Transport.java:200) ~[?:?]
	at java.rmi/sun.rmi.transport.Transport$1.run(Transport.java:197) ~[?:?]
	at java.base/java.security.AccessController.doPrivileged(AccessController.java:712) [?:?]
	at java.rmi/sun.rmi.transport.Transport.serviceCall(Transport.java:196) ~[?:?]
	at java.rmi/sun.rmi.transport.tcp.TCPTransport.handleMessages(TCPTransport.java:587) ~[?:?]
	at java.rmi/sun.rmi.transport.tcp.TCPTransport$ConnectionHandler.run0(TCPTransport.java:828) ~[?:?]
	at java.rmi/sun.rmi.transport.tcp.TCPTransport$ConnectionHandler.lambda$run$0(TCPTransport.java:705) ~[?:?]
	at java.base/java.security.AccessController.doPrivileged(AccessController.java:399) [?:?]
	at java.rmi/sun.rmi.transport.tcp.TCPTransport$ConnectionHandler.run(TCPTransport.java:704) [?:?]
	at java.base/java.util.concurrent.ThreadPoolExecutor.runWorker(ThreadPoolExecutor.java:1136) [?:?]
	at java.base/java.util.concurrent.ThreadPoolExecutor$Worker.run(ThreadPoolExecutor.java:635) [?:?]
	at java.base/java.lang.Thread.run(Thread.java:840) [?:?]
