2024-07-02 17:39:54.266 -ERROR  [           main] LoggingFailureAnalysisReporter : 

***************************
APPLICATION FAILED TO START
***************************

Description:

Failed to bind properties under 'logging.level.org' to org.springframework.boot.logging.LogLevel:

    Property: logging.level.org
    Value: "springframework.boot.autoconfigure=info"
    Origin: class path resource [application.yml] - 14:7
    Reason: failed to convert java.lang.String to org.springframework.boot.logging.LogLevel (caused by java.lang.IllegalArgumentException: No enum constant org.springframework.boot.logging.LogLevel.springframework.boot.autoconfigure=info)

Action:

Update your application's configuration. The following values are valid:

    DEBUG
    ERROR
    FATAL
    INFO
    OFF
    TRACE
    WARN

2024-07-02 17:40:34.154 -ERROR  [           main] LoggingFailureAnalysisReporter : 

***************************
APPLICATION FAILED TO START
***************************

Description:

Failed to bind properties under 'logging.level.org' to org.springframework.boot.logging.LogLevel:

    Property: logging.level.org
    Value: "springframework.boot.autoconfigure=INFO"
    Origin: class path resource [application.yml] - 14:7
    Reason: failed to convert java.lang.String to org.springframework.boot.logging.LogLevel (caused by java.lang.IllegalArgumentException: No enum constant org.springframework.boot.logging.LogLevel.springframework.boot.autoconfigure=INFO)

Action:

Update your application's configuration. The following values are valid:

    DEBUG
    ERROR
    FATAL
    INFO
    OFF
    TRACE
    WARN

2024-07-02 17:41:00.079 -ERROR  [           main] LoggingFailureAnalysisReporter : 

***************************
APPLICATION FAILED TO START
***************************

Description:

Failed to bind properties under 'logging.level.org.springframework.boot' to org.springframework.boot.logging.LogLevel:

    Property: logging.level.org.springframework.boot
    Value: "autoconfigure:info"
    Origin: class path resource [application.yml] - 16:11
    Reason: failed to convert java.lang.String to org.springframework.boot.logging.LogLevel (caused by java.lang.IllegalArgumentException: No enum constant org.springframework.boot.logging.LogLevel.autoconfigure:info)

Action:

Update your application's configuration. The following values are valid:

    DEBUG
    ERROR
    FATAL
    INFO
    OFF
    TRACE
    WARN

2024-07-02 17:41:55.323 -ERROR  [           main] LoggingFailureAnalysisReporter : 

***************************
APPLICATION FAILED TO START
***************************

Description:

Failed to bind properties under 'logging.level.org.springframework.boot' to org.springframework.boot.logging.LogLevel:

    Property: logging.level.org.springframework.boot
    Value: "autoconfigure:info"
    Origin: class path resource [application.yml] - 16:11
    Reason: failed to convert java.lang.String to org.springframework.boot.logging.LogLevel (caused by java.lang.IllegalArgumentException: No enum constant org.springframework.boot.logging.LogLevel.autoconfigure:info)

Action:

Update your application's configuration. The following values are valid:

    DEBUG
    ERROR
    FATAL
    INFO
    OFF
    TRACE
    WARN

2024-07-02 17:42:14.172 -ERROR  [           main] LoggingFailureAnalysisReporter : 

***************************
APPLICATION FAILED TO START
***************************

Description:

Failed to bind properties under 'logging.level.org.springframework.boot' to org.springframework.boot.logging.LogLevel:

    Property: logging.level.org.springframework.boot
    Value: "autoconfigure:INFO"
    Origin: class path resource [application.yml] - 16:11
    Reason: failed to convert java.lang.String to org.springframework.boot.logging.LogLevel (caused by java.lang.IllegalArgumentException: No enum constant org.springframework.boot.logging.LogLevel.autoconfigure:INFO)

Action:

Update your application's configuration. The following values are valid:

    DEBUG
    ERROR
    FATAL
    INFO
    OFF
    TRACE
    WARN

2024-07-02 17:43:54.627 -ERROR  [)-10.133.88.194] c.z.h.HikariConfig             : HikariPool-1 - dataSource or dataSourceClassName or jdbcUrl is required.
2024-07-02 17:55:38.058 -ERROR  [)-10.133.88.194] c.z.h.HikariConfig             : HikariPool-1 - jdbcUrl is required with driverClassName.
2024-07-02 18:00:24.474 -ERROR  [)-10.133.88.194] c.z.h.HikariConfig             : HikariPool-1 - dataSource or dataSourceClassName or jdbcUrl is required.
2024-07-02 18:00:48.676 -ERROR  [)-10.133.88.194] c.z.h.HikariConfig             : HikariPool-1 - dataSource or dataSourceClassName or jdbcUrl is required.
2024-07-02 18:02:24.060 -ERROR  [)-10.133.88.194] c.z.h.HikariConfig             : HikariPool-1 - jdbcUrl is required with driverClassName.
2024-07-02 18:02:39.754 -ERROR  [)-10.133.88.194] c.z.h.HikariConfig             : HikariPool-1 - dataSource or dataSourceClassName or jdbcUrl is required.
